  Renderer.cpp
C:\Users\grant\Documents\FinalAnimationProjectTwo\FinalAnimationProjectTwo\Shader.h(51,10): warning C4101:  'info_log': unreferenced local variable
C:\Users\grant\Documents\FinalAnimationProjectTwo\FinalAnimationProjectTwo\Object.h(82,1): warning C4267:  'initializing': conversion from 'size_t' to 'int', possible loss of data
C:\Users\grant\Documents\FinalAnimationProjectTwo\FinalAnimationProjectTwo\Object.h(177,1): warning C4305:  'argument': truncation from 'int' to 'T'
C:\Users\grant\Documents\FinalAnimationProjectTwo\FinalAnimationProjectTwo\Object.h(177,1): warning C4305:         with
C:\Users\grant\Documents\FinalAnimationProjectTwo\FinalAnimationProjectTwo\Object.h(177,1): warning C4305:         [
C:\Users\grant\Documents\FinalAnimationProjectTwo\FinalAnimationProjectTwo\Object.h(177,1): warning C4305:             T=float
C:\Users\grant\Documents\FinalAnimationProjectTwo\FinalAnimationProjectTwo\Object.h(177,1): warning C4305:         ]
C:\Users\grant\Documents\FinalAnimationProjectTwo\FinalAnimationProjectTwo\Renderer.cpp(253,22): warning C4244:  'initializing': conversion from 'double' to 'float', possible loss of data
C:\Users\grant\Documents\FinalAnimationProjectTwo\FinalAnimationProjectTwo\Renderer.cpp(301,60): warning C4267:  'argument': conversion from 'size_t' to 'GLsizei', possible loss of data
C:\Users\grant\Documents\FinalAnimationProjectTwo\FinalAnimationProjectTwo\Renderer.cpp(311,60): warning C4267:  'argument': conversion from 'size_t' to 'GLsizei', possible loss of data
C:\Users\grant\Documents\FinalAnimationProjectTwo\FinalAnimationProjectTwo\Renderer.cpp(316,60): warning C4267:  'argument': conversion from 'size_t' to 'GLsizei', possible loss of data
C:\Users\grant\Documents\FinalAnimationProjectTwo\FinalAnimationProjectTwo\Renderer.cpp(323,56): warning C4267:  'argument': conversion from 'size_t' to 'GLsizei', possible loss of data
LINK : warning LNK4098: defaultlib 'LIBCMT' conflicts with use of other libs; use /NODEFAULTLIB:library
  Generating code
  0 of 745 functions ( 0.0%) were compiled, the rest were copied from previous compilation.
    0 functions were new in current compilation
    0 functions had inline decision re-evaluated but remain unchanged
  Finished generating code
glew32s.lib(glew.obj) : warning LNK4099: PDB 'vc120.pdb' was not found with 'glew32s.lib(glew.obj)' or at 'C:\Users\grant\Documents\FinalAnimationProjectTwo\x64\Release\vc120.pdb'; linking object as if no debug info
  FinalAnimationProjectTwo.vcxproj -> C:\Users\grant\Documents\FinalAnimationProjectTwo\x64\Release\FinalAnimationProjectTwo.exe
